 D .cleanup_remove.out
 D .cleanup_remove2.out
 D contrast-check.js
 D public/globe.svg
 M public/manifest.json
 D public/next.svg
 D public/vercel.svg
 M src/app/globals.css
 M src/app/layout.tsx
 M src/app/page.tsx
 D src/components/GameTable.tsx
 D src/components/StatsCards.tsx
 D src/components/YearSelector.tsx
 D src/lib/datesLoader.test.ts
 M src/lib/gameUtils.ts
 D src/lib/parsers/index.ts
 M src/types/game.ts
 M tailwind.config.ts
?? .cleanup_commit.out
?? .cleanup_verify2.out
?? src/tests/lib/datesLoader.test.ts
---GIT ADD/COMMIT---
[STARTED] Backing up original state...
