[STARTED] Backing up original state...
[COMPLETED] Backed up original state in git stash (19bc60b)
[STARTED] Running tasks for staged files...
[STARTED] package.json — 3 files
[STARTED] **/*.{ts,tsx,js,jsx} — 0 files
[STARTED] **/*.{json,md} — 1 file
[SKIPPED] **/*.{ts,tsx,js,jsx} — no files
[STARTED] prettier --write
[COMPLETED] prettier --write
[COMPLETED] **/*.{json,md} — 1 file
[COMPLETED] package.json — 3 files
[COMPLETED] Running tasks for staged files...
[STARTED] Applying modifications from tasks...
[COMPLETED] Applying modifications from tasks...
[STARTED] Cleaning up temporary files...
[COMPLETED] Cleaning up temporary files...
[main f9c3d41] chore: remove unused public placeholders
 5 files changed, 6 insertions(+), 2 deletions(-)
 create mode 100644 .cleanup/git-add.out
 create mode 100644 .cleanup/git-rm.out
 create mode 100644 public/REMOVED_ICON_PLACEHOLDER.md
 delete mode 100644 public/file.svg
 delete mode 100644 public/icon-placeholder.md
